<?xml version="1.0" encoding="UTF-8"?>
<testsuite xmlns:xsi="http://www.w3.org/2001/XMLSchema-instance" xsi:noNamespaceSchemaLocation="https://maven.apache.org/surefire/maven-surefire-plugin/xsd/surefire-test-report-3.0.xsd" version="3.0" name="bgu.spl.net.srv.ConnectionsImplTest" time="0.047" tests="8" errors="0" skipped="0" failures="0">
  <properties>
[...]
</properties>
  <testcase name="testDisconnectRemovesConnection" classname="bgu.spl.net.srv.ConnectionsImplTest" time="0.001"/>
  <testcase name="testDisconnectRemovesSubscriptions" classname="bgu.spl.net.srv.ConnectionsImplTest" time="0.004"/>
  <testcase name="testAddConnectionAndSend" classname="bgu.spl.net.srv.ConnectionsImplTest" time="0.001"/>
  <testcase name="testUnsubscribe" classname="bgu.spl.net.srv.ConnectionsImplTest" time="0.022"/>
  <testcase name="testSendToNonexistentConnection" classname="bgu.spl.net.srv.ConnectionsImplTest" time="0.003"/>
  <testcase name="testSubscribeAndBroadcast" classname="bgu.spl.net.srv.ConnectionsImplTest" time="0.001"/>
  <testcase name="testBroadcastToEmptyChannel" classname="bgu.spl.net.srv.ConnectionsImplTest" time="0.001"/>
  <testcase name="testMultipleChannelSubscriptions" classname="bgu.spl.net.srv.ConnectionsImplTest" time="0.001"/>
</testsuite>